<?xml version="1.0" encoding="UTF-8"?>
<testng-results ignored="0" total="1" passed="1" failed="0" skipped="0">
  <reporter-output>
  </reporter-output>
  <suite started-at="2022-03-21T13:05:03 IST" name="Suite" finished-at="2022-03-21T13:07:13 IST" duration-ms="129748">
    <groups>
    </groups>
    <test started-at="2022-03-21T13:05:03 IST" name="Chrome_Test" finished-at="2022-03-21T13:07:13 IST" duration-ms="129748">
      <class name="CodePart.RedBusTC">
        <test-method is-config="true" signature="clearScreenshots()[pri:0, instance:CodePart.RedBusTC@7ee955a8]" started-at="2022-03-21T13:05:03 IST" name="clearScreenshots" finished-at="2022-03-21T13:05:03 IST" duration-ms="64" status="PASS">
          <reporter-output>
          </reporter-output>
        </test-method> <!-- clearScreenshots -->
        <test-method is-config="true" signature="openBrowserNew(java.lang.String)[pri:0, instance:CodePart.RedBusTC@7ee955a8]" started-at="2022-03-21T13:05:03 IST" name="openBrowserNew" finished-at="2022-03-21T13:05:58 IST" duration-ms="54611" status="PASS">
          <params>
            <param index="0">
              <value>
                <![CDATA[chrome]]>
              </value>
            </param>
          </params>
          <reporter-output>
          </reporter-output>
        </test-method> <!-- openBrowserNew -->
        <test-method signature="BusRatingDetails()[pri:1, instance:CodePart.RedBusTC@7ee955a8]" started-at="2022-03-21T13:05:58 IST" name="BusRatingDetails" finished-at="2022-03-21T13:07:10 IST" duration-ms="72452" status="PASS">
          <reporter-output>
          </reporter-output>
        </test-method> <!-- BusRatingDetails -->
        <test-method is-config="true" signature="closeBroswer(org.testng.ITestResult)[pri:0, instance:CodePart.RedBusTC@7ee955a8]" started-at="2022-03-21T13:07:10 IST" name="closeBroswer" finished-at="2022-03-21T13:07:13 IST" duration-ms="2451" status="PASS">
          <params>
            <param index="0">
              <value>
                <![CDATA[[TestResult name=BusRatingDetails status=SUCCESS method=RedBusTC.BusRatingDetails()[pri:1, instance:CodePart.RedBusTC@7ee955a8] output={null}]]]>
              </value>
            </param>
          </params>
          <reporter-output>
          </reporter-output>
        </test-method> <!-- closeBroswer -->
      </class> <!-- CodePart.RedBusTC -->
    </test> <!-- Chrome_Test -->
  </suite> <!-- Suite -->
</testng-results>
