<?xml version="1.0" encoding="UTF-8"?>
<testng-results ignored="0" total="1" passed="1" failed="0" skipped="0">
  <reporter-output>
  </reporter-output>
  <suite started-at="2022-03-20T02:05:17 IST" name="Suite" finished-at="2022-03-20T02:05:47 IST" duration-ms="29912">
    <groups>
    </groups>
    <test started-at="2022-03-20T02:05:17 IST" name="Chrome_Test" finished-at="2022-03-20T02:05:47 IST" duration-ms="29912">
      <class name="CodePart.RedBusTC">
        <test-method is-config="true" signature="clearScreenshots()[pri:0, instance:CodePart.RedBusTC@531c311e]" started-at="2022-03-20T02:05:17 IST" name="clearScreenshots" finished-at="2022-03-20T02:05:17 IST" duration-ms="9" status="PASS">
          <reporter-output>
          </reporter-output>
        </test-method> <!-- clearScreenshots -->
        <test-method is-config="true" signature="openBrowserNew(java.lang.String)[pri:0, instance:CodePart.RedBusTC@531c311e]" started-at="2022-03-20T02:05:17 IST" name="openBrowserNew" finished-at="2022-03-20T02:05:19 IST" duration-ms="1843" status="PASS">
          <params>
            <param index="0">
              <value>
                <![CDATA[chrome]]>
              </value>
            </param>
          </params>
          <reporter-output>
          </reporter-output>
        </test-method> <!-- openBrowserNew -->
        <test-method signature="LoginCheck2(java.util.Map)[pri:1, instance:CodePart.RedBusTC@531c311e]" started-at="2022-03-20T02:05:19 IST" name="LoginCheck2" data-provider="CorporateData" finished-at="2022-03-20T02:05:46 IST" duration-ms="27697" status="PASS">
          <params>
            <param index="0">
              <value>
                <![CDATA[{ClubName=, UserName=Admin, Sr No=, Title=, TestCaseName=LoginCheck2, Password=admin123}]]>
              </value>
            </param>
          </params>
          <reporter-output>
          </reporter-output>
        </test-method> <!-- LoginCheck2 -->
        <test-method is-config="true" signature="closeBroswer(org.testng.ITestResult)[pri:0, instance:CodePart.RedBusTC@531c311e]" started-at="2022-03-20T02:05:46 IST" name="closeBroswer" finished-at="2022-03-20T02:05:47 IST" duration-ms="337" status="PASS">
          <params>
            <param index="0">
              <value>
                <![CDATA[[TestResult name=LoginCheck2 status=SUCCESS method=RedBusTC.LoginCheck2(java.util.Map)[pri:1, instance:CodePart.RedBusTC@531c311e] output={null}]]]>
              </value>
            </param>
          </params>
          <reporter-output>
          </reporter-output>
        </test-method> <!-- closeBroswer -->
      </class> <!-- CodePart.RedBusTC -->
    </test> <!-- Chrome_Test -->
  </suite> <!-- Suite -->
</testng-results>
